Time resolution is 1 ps

Don't have any packet to be sent back
At 66000 - [PACKET SEND]: OP: + 	ID = 0 	DATA_A = 11955 	DATA_B = 10471 	EXP = 22426

Don't have any packet to be sent back
At 76000 - [PACKET SEND]: OP: + 	ID = 1 	DATA_A = 17857 	DATA_B =  3747 	EXP = 21604

Don't have any packet to be sent back
At 86000 - [PACKET SEND]: OP: + 	ID = 2 	DATA_A = 19981 	DATA_B = 15821 	EXP = 35802

Don't have any packet to be sent back
At 96000 - [PACKET SEND]: OP: >> 1 	ID = 3 	DATA = 1136475701 	EXP =  568237850

Don't have any packet to be sent back
At 106000 - [PACKET SEND]: OP: >> 1 	ID = 4 	DATA = 1280574233 	EXP =  640287116

At 116000 - [PACKET RECEIVE]: ID = 0, RESULT = 22426 vs EXPECT =      22426 --> PASS
At 116000 - [PACKET SEND]: OP: XXX 	ID = 0 	DATA = 1190017723 	EXP = 1190017723

At 126000 - [PACKET RECEIVE]: ID = 0, RESULT = 1190017723 vs EXPECT = 1190017723 --> PASS
At 126000 - [PACKET SEND]: OP: + 	ID = 0 	DATA_A = 18849 	DATA_B =  1897 	EXP = 20746

At 136000 - [PACKET RECEIVE]: ID = 0, RESULT = 35802 vs EXPECT =      35802 --> PASS
Not ready to send packet

At 146000 - [PACKET RECEIVE]: ID = 1, RESULT = 568237850 vs EXPECT =  568237850 --> PASS
At 146000 - [PACKET SEND]: OP: >> 1 	ID = 2 	DATA =  444799374 	EXP =  222399687

At 156000 - [PACKET RECEIVE]: ID = 0, RESULT = 640287116 vs EXPECT =  640287116 --> PASS
At 156000 - [PACKET SEND]: OP: - 	ID = 3 	DATA_A = 14103 	DATA_B =  8960 	EXP =  5143

At 166000 - [PACKET RECEIVE]: ID = 1, RESULT = 21604 vs EXPECT =      21604 --> PASS
At 166000 - [PACKET SEND]: OP: - 	ID = 1 	DATA_A = 12741 	DATA_B =  9606 	EXP =  3135

At 176000 - [PACKET RECEIVE]: ID = 0, RESULT = 20746 vs EXPECT =      20746 --> PASS
At 176000 - [PACKET SEND]: OP: + 	ID = 0 	DATA_A = 19025 	DATA_B =  7535 	EXP = 26560

Don't have any packet to be sent back
At 186000 - [PACKET SEND]: OP: XXX 	ID = 4 	DATA =  846139625 	EXP =  846139625

At 196000 - [PACKET RECEIVE]: ID = 0, RESULT = 846139625 vs EXPECT =  846139625 --> PASS
At 196000 - [PACKET SEND]: OP: + 	ID = 4 	DATA_A = 17461 	DATA_B =  8052 	EXP = 25513

Don't have any packet to be sent back
At 206000 - [PACKET SEND]: OP: >> 1 	ID = 5 	DATA = 1188308542 	EXP =  594154271

At 216000 - [PACKET RECEIVE]: ID = 0, RESULT = 222399687 vs EXPECT =  222399687 --> PASS
Not ready to send packet

At 226000 - [PACKET RECEIVE]: ID = 1, RESULT = 5143 vs EXPECT =       5143 --> PASS
At 226000 - [PACKET SEND]: OP: + 	ID = 2 	DATA_A = 14745 	DATA_B =   249 	EXP = 14994

At 236000 - [PACKET RECEIVE]: ID = 1, RESULT = 3135 vs EXPECT =       3135 --> PASS
At 236000 - [PACKET SEND]: OP: XXX 	ID = 1 	DATA = 1139160970 	EXP = 1139160970

At 246000 - [PACKET RECEIVE]: ID = 1, RESULT = 1139160970 vs EXPECT = 1139160970 --> PASS
At 246000 - [PACKET SEND]: OP: XXX 	ID = 1 	DATA =  773269599 	EXP =  773269599

At 256000 - [PACKET RECEIVE]: ID = 1, RESULT = 773269599 vs EXPECT =  773269599 --> PASS
At 256000 - [PACKET SEND]: OP: - 	ID = 1 	DATA_A = 18050 	DATA_B =  5020 	EXP = 13030

At 266000 - [PACKET RECEIVE]: ID = 0, RESULT = 25513 vs EXPECT =      25513 --> PASS
At 266000 - [PACKET SEND]: OP: >> 1 	ID = 3 	DATA = 1036005995 	EXP =  518002997

At 276000 - [PACKET RECEIVE]: ID = 1, RESULT = 594154271 vs EXPECT =  594154271 --> PASS
At 276000 - [PACKET SEND]: OP: XXX 	ID = 4 	DATA =  718280832 	EXP =  718280832

At 286000 - [PACKET RECEIVE]: ID = 0, RESULT = 718280832 vs EXPECT =  718280832 --> PASS
At 286000 - [PACKET SEND]: OP: XXX 	ID = 4 	DATA =  801517492 	EXP =  801517492

At 296000 - [PACKET RECEIVE]: ID = 0, RESULT = 801517492 vs EXPECT =  801517492 --> PASS
At 296000 - [PACKET SEND]: OP: >> 1 	ID = 4 	DATA = 1249261848 	EXP =  624630924

At 306000 - [PACKET RECEIVE]: ID = 0, RESULT = 26560 vs EXPECT =      26560 --> PASS
Not ready to send packet

At 316000 - [PACKET RECEIVE]: ID = 1, RESULT = 518002997 vs EXPECT =  518002997 --> PASS
At 316000 - [PACKET SEND]: OP: - 	ID = 0 	DATA_A =  5731 	DATA_B =  3624 	EXP =  2107

At 326000 - [PACKET RECEIVE]: ID = 1, RESULT = 13030 vs EXPECT =      13030 --> PASS
At 326000 - [PACKET SEND]: OP: >> 1 	ID = 1 	DATA = 1210456711 	EXP =  605228355

At 336000 - [PACKET RECEIVE]: ID = 0, RESULT = 14994 vs EXPECT =      14994 --> PASS
At 336000 - [PACKET SEND]: OP: - 	ID = 2 	DATA_A =  4542 	DATA_B =  3635 	EXP =   907

At 346000 - [PACKET RECEIVE]: ID = 0, RESULT = 624630924 vs EXPECT =  624630924 --> PASS
At 346000 - [PACKET SEND]: OP: XXX 	ID = 3 	DATA =  358683725 	EXP =  358683725

At 356000 - [PACKET RECEIVE]: ID = 1, RESULT = 358683725 vs EXPECT =  358683725 --> PASS
At 356000 - [PACKET SEND]: OP: + 	ID = 3 	DATA_A = 18803 	DATA_B = 16930 	EXP = 35733

Don't have any packet to be sent back
At 366000 - [PACKET SEND]: OP: XXX 	ID = 4 	DATA = 1057891738 	EXP = 1057891738

At 376000 - [PACKET RECEIVE]: ID = 0, RESULT = 1057891738 vs EXPECT = 1057891738 --> PASS
At 376000 - [PACKET SEND]: OP: - 	ID = 4 	DATA_A =  7919 	DATA_B =  3226 	EXP =  4693

At 386000 - [PACKET RECEIVE]: ID = 0, RESULT = 2107 vs EXPECT =       2107 --> PASS
At 386000 - [PACKET SEND]: OP: XXX 	ID = 0 	DATA =  746653399 	EXP =  746653399

At 396000 - [PACKET RECEIVE]: ID = 0, RESULT = 746653399 vs EXPECT =  746653399 --> PASS
Not ready to send packet

At 406000 - [PACKET RECEIVE]: ID = 0, RESULT = 907 vs EXPECT =        907 --> PASS
At 406000 - [PACKET SEND]: OP: - 	ID = 0 	DATA_A =  2379 	DATA_B =  1548 	EXP =   831

At 416000 - [PACKET RECEIVE]: ID = 1, RESULT = 605228355 vs EXPECT =  605228355 --> PASS
At 416000 - [PACKET SEND]: OP: - 	ID = 1 	DATA_A = 18287 	DATA_B = 15872 	EXP =  2415

At 426000 - [PACKET RECEIVE]: ID = 1, RESULT = 35733 vs EXPECT =      35733 --> PASS
At 426000 - [PACKET SEND]: OP: XXX 	ID = 2 	DATA = 1017653385 	EXP = 1017653385

At 436000 - [PACKET RECEIVE]: ID = 0, RESULT = 1017653385 vs EXPECT = 1017653385 --> PASS
At 436000 - [PACKET SEND]: OP: + 	ID = 2 	DATA_A = 16739 	DATA_B = 14833 	EXP = 31572

At 446000 - [PACKET RECEIVE]: ID = 0, RESULT = 4693 vs EXPECT =       4693 --> PASS
At 446000 - [PACKET SEND]: OP: XXX 	ID = 3 	DATA =   52756509 	EXP =   52756509

At 456000 - [PACKET RECEIVE]: ID = 1, RESULT = 52756509 vs EXPECT =   52756509 --> PASS
At 456000 - [PACKET SEND]: OP: - 	ID = 3 	DATA_A = 10323 	DATA_B =  4786 	EXP =  5537

Don't have any packet to be sent back
At 466000 - [PACKET SEND]: OP: >> 1 	ID = 4 	DATA =  725494023 	EXP =  362747011

At 476000 - [PACKET RECEIVE]: ID = 0, RESULT = 831 vs EXPECT =        831 --> PASS
Not ready to send packet

At 486000 - [PACKET RECEIVE]: ID = 1, RESULT = 2415 vs EXPECT =       2415 --> PASS
At 486000 - [PACKET SEND]: OP: >> 1 	ID = 0 	DATA = 1085867581 	EXP =  542933790

Don't have any packet to be sent back
At 496000 - [PACKET SEND]: OP: XXX 	ID = 1 	DATA = 1189299185 	EXP = 1189299185

At 506000 - [PACKET RECEIVE]: ID = 1, RESULT = 1189299185 vs EXPECT = 1189299185 --> PASS
At 506000 - [PACKET SEND]: OP: XXX 	ID = 1 	DATA =  454758265 	EXP =  454758265

At 516000 - [PACKET RECEIVE]: ID = 1, RESULT = 454758265 vs EXPECT =  454758265 --> PASS
Not ready to send packet

At 526000 - [PACKET RECEIVE]: ID = 1, RESULT = 5537 vs EXPECT =       5537 --> PASS
Not ready to send packet

At 536000 - [PACKET RECEIVE]: ID = 0, RESULT = 542933790 vs EXPECT =  542933790 --> PASS
At 536000 - [PACKET SEND]: OP: + 	ID = 0 	DATA_A = 19274 	DATA_B = 18008 	EXP = 37282

At 546000 - [PACKET RECEIVE]: ID = 0, RESULT = 31572 vs EXPECT =      31572 --> PASS
At 546000 - [PACKET SEND]: OP: + 	ID = 1 	DATA_A =  6181 	DATA_B =  5245 	EXP = 11426

At 556000 - [PACKET RECEIVE]: ID = 0, RESULT = 362747011 vs EXPECT =  362747011 --> PASS
At 556000 - [PACKET SEND]: OP: XXX 	ID = 2 	DATA =  773198479 	EXP =  773198479

At 566000 - [PACKET RECEIVE]: ID = 0, RESULT = 773198479 vs EXPECT =  773198479 --> PASS
At 566000 - [PACKET SEND]: OP: - 	ID = 2 	DATA_A = 10232 	DATA_B =  6707 	EXP =  3525

Don't have any packet to be sent back
At 576000 - [PACKET SEND]: OP: >> 1 	ID = 3 	DATA =  717039361 	EXP =  358519680

At 586000 - [PACKET RECEIVE]: ID = 0, RESULT = 37282 vs EXPECT =      37282 --> PASS
At 586000 - [PACKET SEND]: OP: >> 1 	ID = 0 	DATA = 1047999749 	EXP =  523999874

At 596000 - [PACKET RECEIVE]: ID = 1, RESULT = 11426 vs EXPECT =      11426 --> PASS
At 596000 - [PACKET SEND]: OP: >> 1 	ID = 1 	DATA = 1208043058 	EXP =  604021529

Don't have any packet to be sent back
At 606000 - [PACKET SEND]: OP: + 	ID = 4 	DATA_A = 17494 	DATA_B = 16062 	EXP = 33556

Don't have any packet to be sent back
At 616000 - [PACKET SEND]: OP: XXX 	ID = 5 	DATA = 1128743558 	EXP = 1128743558

At 626000 - [PACKET RECEIVE]: ID = 1, RESULT = 1128743558 vs EXPECT = 1128743558 --> PASS
At 626000 - [PACKET SEND]: OP: + 	ID = 5 	DATA_A = 12807 	DATA_B = 11963 	EXP = 24770

At 636000 - [PACKET RECEIVE]: ID = 0, RESULT = 3525 vs EXPECT =       3525 --> PASS
Not ready to send packet

At 646000 - [PACKET RECEIVE]: ID = 1, RESULT = 604021529 vs EXPECT =  604021529 --> PASS
Not ready to send packet

At 656000 - [PACKET RECEIVE]: ID = 0, RESULT = 523999874 vs EXPECT =  523999874 --> PASS
At 656000 - [PACKET SEND]: OP: XXX 	ID = 0 	DATA =   54198795 	EXP =   54198795

At 666000 - [PACKET RECEIVE]: ID = 0, RESULT = 54198795 vs EXPECT =   54198795 --> PASS
At 666000 - [PACKET SEND]: OP: - 	ID = 0 	DATA_A = 16769 	DATA_B = 13815 	EXP =  2954

At 676000 - [PACKET RECEIVE]: ID = 0, RESULT = 33556 vs EXPECT =      33556 --> PASS
At 676000 - [PACKET SEND]: OP: XXX 	ID = 1 	DATA =  582886022 	EXP =  582886022

At 686000 - [PACKET RECEIVE]: ID = 1, RESULT = 582886022 vs EXPECT =  582886022 --> PASS
At 686000 - [PACKET SEND]: OP: XXX 	ID = 1 	DATA =  756623501 	EXP =  756623501

At 696000 - [PACKET RECEIVE]: ID = 1, RESULT = 756623501 vs EXPECT =  756623501 --> PASS
At 696000 - [PACKET SEND]: OP: XXX 	ID = 1 	DATA =  372509363 	EXP =  372509363

At 706000 - [PACKET RECEIVE]: ID = 1, RESULT = 372509363 vs EXPECT =  372509363 --> PASS
At 706000 - [PACKET SEND]: OP: XXX 	ID = 1 	DATA = 1004288399 	EXP = 1004288399

At 716000 - [PACKET RECEIVE]: ID = 1, RESULT = 1004288399 vs EXPECT = 1004288399 --> PASS
At 716000 - [PACKET SEND]: OP: XXX 	ID = 1 	DATA = 1305954045 	EXP = 1305954045

At 726000 - [PACKET RECEIVE]: ID = 1, RESULT = 1305954045 vs EXPECT = 1305954045 --> PASS
Not ready to send packet

At 736000 - [PACKET RECEIVE]: ID = 0, RESULT = 2954 vs EXPECT =       2954 --> PASS
At 736000 - [PACKET SEND]: OP: + 	ID = 0 	DATA_A =  9351 	DATA_B =  1231 	EXP = 10582

At 746000 - [PACKET RECEIVE]: ID = 1, RESULT = 358519680 vs EXPECT =  358519680 --> PASS
At 746000 - [PACKET SEND]: OP: XXX 	ID = 1 	DATA = 1230587572 	EXP = 1230587572

At 756000 - [PACKET RECEIVE]: ID = 1, RESULT = 1230587572 vs EXPECT = 1230587572 --> PASS
At 756000 - [PACKET SEND]: OP: >> 1 	ID = 1 	DATA =  225771959 	EXP =  112885979

Don't have any packet to be sent back
At 766000 - [PACKET SEND]: OP: XXX 	ID = 2 	DATA =  193266773 	EXP =  193266773

At 776000 - [PACKET RECEIVE]: ID = 0, RESULT = 193266773 vs EXPECT =  193266773 --> PASS
At 776000 - [PACKET SEND]: OP: >> 1 	ID = 2 	DATA =  677448966 	EXP =  338724483

At 786000 - [PACKET RECEIVE]: ID = 0, RESULT = 10582 vs EXPECT =      10582 --> PASS
At 786000 - [PACKET SEND]: OP: - 	ID = 0 	DATA_A = 12833 	DATA_B =  4569 	EXP =  8264

At 796000 - [PACKET RECEIVE]: ID = 1, RESULT = 24770 vs EXPECT =      24770 --> PASS
At 796000 - [PACKET SEND]: OP: + 	ID = 3 	DATA_A = 18457 	DATA_B =  9744 	EXP = 28201

At 806000 - [PACKET RECEIVE]: ID = 1, RESULT = 112885979 vs EXPECT =  112885979 --> PASS
At 806000 - [PACKET SEND]: OP: + 	ID = 1 	DATA_A =  8651 	DATA_B =   194 	EXP =  8845

Don't have any packet to be sent back
At 816000 - [PACKET SEND]: OP: - 	ID = 4 	DATA_A = 16609 	DATA_B =  5479 	EXP = 11130

At 826000 - [PACKET RECEIVE]: ID = 0, RESULT = 338724483 vs EXPECT =  338724483 --> PASS
At 826000 - [PACKET SEND]: OP: + 	ID = 2 	DATA_A = 12509 	DATA_B =  4292 	EXP = 16801

Don't have any packet to be sent back
At 836000 - [PACKET SEND]: OP: >> 1 	ID = 5 	DATA = 1159010566 	EXP =  579505283

At 846000 - [PACKET RECEIVE]: ID = 1, RESULT = 28201 vs EXPECT =      28201 --> PASS
Not ready to send packet

At 856000 - [PACKET RECEIVE]: ID = 0, RESULT = 8264 vs EXPECT =       8264 --> PASS
At 856000 - [PACKET SEND]: OP: - 	ID = 0 	DATA_A = 15157 	DATA_B =  9374 	EXP =  5783

Don't have any packet to be sent back
At 866000 - [PACKET SEND]: OP: XXX 	ID = 3 	DATA =  487852140 	EXP =  487852140

At 876000 - [PACKET RECEIVE]: ID = 1, RESULT = 487852140 vs EXPECT =  487852140 --> PASS
At 876000 - [PACKET SEND]: OP: + 	ID = 3 	DATA_A =  6291 	DATA_B =  3177 	EXP =  9468

At 886000 - [PACKET RECEIVE]: ID = 0, RESULT = 11130 vs EXPECT =      11130 --> PASS
At 886000 - [PACKET SEND]: OP: XXX 	ID = 4 	DATA = 1209221844 	EXP = 1209221844

At 896000 - [PACKET RECEIVE]: ID = 0, RESULT = 1209221844 vs EXPECT = 1209221844 --> PASS
At 896000 - [PACKET SEND]: OP: >> 1 	ID = 4 	DATA = 1271531002 	EXP =  635765501

At 906000 - [PACKET RECEIVE]: ID = 1, RESULT = 579505283 vs EXPECT =  579505283 --> PASS
At 906000 - [PACKET SEND]: OP: + 	ID = 5 	DATA_A = 10247 	DATA_B =  3630 	EXP = 13877

At 916000 - [PACKET RECEIVE]: ID = 1, RESULT = 8845 vs EXPECT =       8845 --> PASS
Not ready to send packet

At 926000 - [PACKET RECEIVE]: ID = 0, RESULT = 5783 vs EXPECT =       5783 --> PASS
At 926000 - [PACKET SEND]: OP: XXX 	ID = 0 	DATA =  957488301 	EXP =  957488301

At 936000 - [PACKET RECEIVE]: ID = 0, RESULT = 957488301 vs EXPECT =  957488301 --> PASS
Not ready to send packet

At 946000 - [PACKET RECEIVE]: ID = 0, RESULT = 635765501 vs EXPECT =  635765501 --> PASS
At 946000 - [PACKET SEND]: OP: + 	ID = 0 	DATA_A =  7977 	DATA_B =  4011 	EXP = 11988

At 956000 - [PACKET RECEIVE]: ID = 0, RESULT = 16801 vs EXPECT =      16801 --> PASS
At 956000 - [PACKET SEND]: OP: + 	ID = 1 	DATA_A = 14794 	DATA_B =  5079 	EXP = 19873

At 966000 - [PACKET RECEIVE]: ID = 1, RESULT = 9468 vs EXPECT =       9468 --> PASS
At 966000 - [PACKET SEND]: OP: >> 1 	ID = 2 	DATA = 1297042449 	EXP =  648521224

At 976000 - [PACKET RECEIVE]: ID = 1, RESULT = 13877 vs EXPECT =      13877 --> PASS
At 976000 - [PACKET SEND]: OP: - 	ID = 3 	DATA_A =  1435 	DATA_B =   636 	EXP =   799

Don't have any packet to be sent back
At 986000 - [PACKET SEND]: OP: XXX 	ID = 4 	DATA =  256967234 	EXP =  256967234

At 996000 - [PACKET RECEIVE]: ID = 0, RESULT = 256967234 vs EXPECT =  256967234 --> PASS
At 996000 - [PACKET SEND]: OP: + 	ID = 4 	DATA_A = 13860 	DATA_B =  3866 	EXP = 17726

At 1006000 - [PACKET RECEIVE]: ID = 1, RESULT = 19873 vs EXPECT =      19873 --> PASS
Not ready to send packet

At 1016000 - [PACKET RECEIVE]: ID = 0, RESULT = 648521224 vs EXPECT =  648521224 --> PASS
At 1016000 - [PACKET SEND]: OP: >> 1 	ID = 1 	DATA = 1247615098 	EXP =  623807549

Don't have any packet to be sent back
At 1026000 - [PACKET SEND]: OP: + 	ID = 2 	DATA_A =  5334 	DATA_B =  5101 	EXP = 10435

At 1036000 - [PACKET RECEIVE]: ID = 0, RESULT = 11988 vs EXPECT =      11988 --> PASS
Not ready to send packet

At 1046000 - [PACKET RECEIVE]: ID = 1, RESULT = 799 vs EXPECT =        799 --> PASS
At 1046000 - [PACKET SEND]: OP: >> 1 	ID = 0 	DATA =  740894047 	EXP =  370447023

Don't have any packet to be sent back
Not ready to send packet

At 1066000 - [PACKET RECEIVE]: ID = 1, RESULT = 623807549 vs EXPECT =  623807549 --> PASS
At 1066000 - [PACKET SEND]: OP: + 	ID = 1 	DATA_A = 13978 	DATA_B =  2726 	EXP = 16704

At 1076000 - [PACKET RECEIVE]: ID = 0, RESULT = 10435 vs EXPECT =      10435 --> PASS
At 1076000 - [PACKET SEND]: OP: XXX 	ID = 2 	DATA = 1166354883 	EXP = 1166354883

At 1086000 - [PACKET RECEIVE]: ID = 0, RESULT = 1166354883 vs EXPECT = 1166354883 --> PASS
At 1086000 - [PACKET SEND]: OP: XXX 	ID = 2 	DATA =  986789637 	EXP =  986789637

At 1096000 - [PACKET RECEIVE]: ID = 0, RESULT = 986789637 vs EXPECT =  986789637 --> PASS
At 1096000 - [PACKET SEND]: OP: + 	ID = 2 	DATA_A =  9070 	DATA_B =  7966 	EXP = 17036

At 1106000 - [PACKET RECEIVE]: ID = 0, RESULT = 17726 vs EXPECT =      17726 --> PASS
At 1106000 - [PACKET SEND]: OP: - 	ID = 3 	DATA_A =  3806 	DATA_B =  3528 	EXP =   278

At 1116000 - [PACKET RECEIVE]: ID = 0, RESULT = 370447023 vs EXPECT =  370447023 --> PASS
At 1116000 - [PACKET SEND]: OP: XXX 	ID = 0 	DATA = 1149829891 	EXP = 1149829891

At 1126000 - [PACKET RECEIVE]: ID = 0, RESULT = 1149829891 vs EXPECT = 1149829891 --> PASS
At 1126000 - [PACKET SEND]: OP: >> 1 	ID = 0 	DATA = 1278167923 	EXP =  639083961

At 1136000 - [PACKET RECEIVE]: ID = 1, RESULT = 16704 vs EXPECT =      16704 --> PASS
At 1136000 - [PACKET SEND]: OP: XXX 	ID = 1 	DATA =  531570173 	EXP =  531570173

At 1146000 - [PACKET RECEIVE]: ID = 1, RESULT = 531570173 vs EXPECT =  531570173 --> PASS
At 1146000 - [PACKET SEND]: OP: >> 1 	ID = 1 	DATA =  724507610 	EXP =  362253805

Don't have any packet to be sent back
At 1156000 - [PACKET SEND]: OP: >> 1 	ID = 4 	DATA =  399250944 	EXP =  199625472

At 1166000 - [PACKET RECEIVE]: ID = 0, RESULT = 17036 vs EXPECT =      17036 --> PASS
At 1166000 - [PACKET SEND]: OP: >> 1 	ID = 2 	DATA =  615391437 	EXP =  307695718

At 1176000 - [PACKET RECEIVE]: ID = 1, RESULT = 278 vs EXPECT =        278 --> PASS
At 1176000 - [PACKET SEND]: OP: - 	ID = 3 	DATA_A = 11024 	DATA_B =    10 	EXP = 11014

At 1186000 - [PACKET RECEIVE]: ID = 0, RESULT = 639083961 vs EXPECT =  639083961 --> PASS
At 1186000 - [PACKET SEND]: OP: >> 1 	ID = 0 	DATA =  578292379 	EXP =  289146189

Don't have any packet to be sent back
At 1196000 - [PACKET SEND]: OP: - 	ID = 5 	DATA_A =  1830 	DATA_B =   875 	EXP =   955

At 1206000 - [PACKET RECEIVE]: ID = 0, RESULT = 199625472 vs EXPECT =  199625472 --> PASS
At 1206000 - [PACKET SEND]: OP: + 	ID = 4 	DATA_A = 14136 	DATA_B =  5290 	EXP = 19426

Don't have any packet to be sent back
At 1216000 - [PACKET SEND]: OP: + 	ID = 6 	DATA_A = 19048 	DATA_B = 17382 	EXP = 36430

At 1226000 - [PACKET RECEIVE]: ID = 0, RESULT = 307695718 vs EXPECT =  307695718 --> PASS
At 1226000 - [PACKET SEND]: OP: >> 1 	ID = 2 	DATA =  518067752 	EXP =  259033876

Don't have any packet to be sent back
Cannot create packet because all ID had been taken

At 1246000 - [PACKET RECEIVE]: ID = 1, RESULT = 11014 vs EXPECT =      11014 --> PASS
Not ready to send packet

At 1256000 - [PACKET RECEIVE]: ID = 0, RESULT = 19426 vs EXPECT =      19426 --> PASS
Not ready to send packet

At 1266000 - [PACKET RECEIVE]: ID = 1, RESULT = 955 vs EXPECT =        955 --> PASS
At 1266000 - [PACKET SEND]: OP: + 	ID = 3 	DATA_A = 17659 	DATA_B = 13803 	EXP = 31462

Don't have any packet to be sent back
Not ready to send packet

At 1286000 - [PACKET RECEIVE]: ID = 0, RESULT = 289146189 vs EXPECT =  289146189 --> PASS
At 1286000 - [PACKET SEND]: OP: + 	ID = 0 	DATA_A = 16464 	DATA_B = 15396 	EXP = 31860

At 1296000 - [PACKET RECEIVE]: ID = 0, RESULT = 259033876 vs EXPECT =  259033876 --> PASS
At 1296000 - [PACKET SEND]: OP: XXX 	ID = 2 	DATA = 1290882118 	EXP = 1290882118

At 1306000 - [PACKET RECEIVE]: ID = 0, RESULT = 1290882118 vs EXPECT = 1290882118 --> PASS
Not ready to send packet

At 1316000 - [PACKET RECEIVE]: ID = 1, RESULT = 362253805 vs EXPECT =  362253805 --> PASS
At 1316000 - [PACKET SEND]: OP: XXX 	ID = 1 	DATA =  974338428 	EXP =  974338428

At 1326000 - [PACKET RECEIVE]: ID = 1, RESULT = 974338428 vs EXPECT =  974338428 --> PASS
At 1326000 - [PACKET SEND]: OP: XXX 	ID = 1 	DATA = 1293566092 	EXP = 1293566092

At 1336000 - [PACKET RECEIVE]: ID = 1, RESULT = 1293566092 vs EXPECT = 1293566092 --> PASS
At 1336000 - [PACKET SEND]: OP: XXX 	ID = 1 	DATA =  336461874 	EXP =  336461874

At 1346000 - [PACKET RECEIVE]: ID = 1, RESULT = 336461874 vs EXPECT =  336461874 --> PASS
At 1346000 - [PACKET SEND]: OP: >> 1 	ID = 1 	DATA =  424285270 	EXP =  212142635

At 1356000 - [PACKET RECEIVE]: ID = 0, RESULT = 31860 vs EXPECT =      31860 --> PASS
At 1356000 - [PACKET SEND]: OP: XXX 	ID = 0 	DATA =  210174867 	EXP =  210174867

At 1366000 - [PACKET RECEIVE]: ID = 0, RESULT = 210174867 vs EXPECT =  210174867 --> PASS
At 1366000 - [PACKET SEND]: OP: - 	ID = 0 	DATA_A =  9917 	DATA_B =  7649 	EXP =  2268

At 1376000 - [PACKET RECEIVE]: ID = 1, RESULT = 31462 vs EXPECT =      31462 --> PASS
At 1376000 - [PACKET SEND]: OP: + 	ID = 2 	DATA_A =  8140 	DATA_B =  6808 	EXP = 14948

At 1386000 - [PACKET RECEIVE]: ID = 0, RESULT = 36430 vs EXPECT =      36430 --> PASS
At 1386000 - [PACKET SEND]: OP: + 	ID = 3 	DATA_A =  1645 	DATA_B =   524 	EXP =  2169

At 1396000 - [PACKET RECEIVE]: ID = 1, RESULT = 212142635 vs EXPECT =  212142635 --> PASS
At 1396000 - [PACKET SEND]: OP: XXX 	ID = 1 	DATA =  902501777 	EXP =  902501777

At 1406000 - [PACKET RECEIVE]: ID = 1, RESULT = 902501777 vs EXPECT =  902501777 --> PASS
At 1406000 - [PACKET SEND]: OP: >> 1 	ID = 1 	DATA =  602211178 	EXP =  301105589

Don't have any packet to be sent back
At 1416000 - [PACKET SEND]: OP: + 	ID = 4 	DATA_A = 16903 	DATA_B =  9354 	EXP = 26257

At 1426000 - [PACKET RECEIVE]: ID = 0, RESULT = 14948 vs EXPECT =      14948 --> PASS
Not ready to send packet

At 1436000 - [PACKET RECEIVE]: ID = 0, RESULT = 2268 vs EXPECT =       2268 --> PASS
At 1436000 - [PACKET SEND]: OP: - 	ID = 0 	DATA_A =  7597 	DATA_B =  1616 	EXP =  5981

Don't have any packet to be sent back
Not ready to send packet

At 1456000 - [PACKET RECEIVE]: ID = 1, RESULT = 301105589 vs EXPECT =  301105589 --> PASS
At 1456000 - [PACKET SEND]: OP: XXX 	ID = 1 	DATA = 1020142905 	EXP = 1020142905

At 1466000 - [PACKET RECEIVE]: ID = 1, RESULT = 1020142905 vs EXPECT = 1020142905 --> PASS
At 1466000 - [PACKET SEND]: OP: + 	ID = 1 	DATA_A = 13311 	DATA_B =  8549 	EXP = 21860

At 1476000 - [PACKET RECEIVE]: ID = 1, RESULT = 2169 vs EXPECT =       2169 --> PASS
At 1476000 - [PACKET SEND]: OP: + 	ID = 2 	DATA_A =  7246 	DATA_B =  1256 	EXP =  8502

At 1486000 - [PACKET RECEIVE]: ID = 0, RESULT = 26257 vs EXPECT =      26257 --> PASS
At 1486000 - [PACKET SEND]: OP: + 	ID = 3 	DATA_A =  3118 	DATA_B =  1523 	EXP =  4641

Don't have any packet to be sent back
At 1496000 - [PACKET SEND]: OP: >> 1 	ID = 4 	DATA = 1205353128 	EXP =  602676564

At 1506000 - [PACKET RECEIVE]: ID = 0, RESULT = 5981 vs EXPECT =       5981 --> PASS
At 1506000 - [PACKET SEND]: OP: + 	ID = 0 	DATA_A = 18849 	DATA_B = 15468 	EXP = 34317

At 1516000 - [PACKET RECEIVE]: ID = 1, RESULT = 21860 vs EXPECT =      21860 --> PASS
At 1516000 - [PACKET SEND]: OP: + 	ID = 1 	DATA_A =  4598 	DATA_B =   483 	EXP =  5081

At 1526000 - [PACKET RECEIVE]: ID = 0, RESULT = 8502 vs EXPECT =       8502 --> PASS
At 1526000 - [PACKET SEND]: OP: >> 1 	ID = 2 	DATA =   33096175 	EXP =   16548087

At 1536000 - [PACKET RECEIVE]: ID = 1, RESULT = 4641 vs EXPECT =       4641 --> PASS
At 1536000 - [PACKET SEND]: OP: XXX 	ID = 3 	DATA =  681971260 	EXP =  681971260

At 1546000 - [PACKET RECEIVE]: ID = 1, RESULT = 681971260 vs EXPECT =  681971260 --> PASS
At 1546000 - [PACKET SEND]: OP: + 	ID = 3 	DATA_A =  3932 	DATA_B =    33 	EXP =  3965

At 1556000 - [PACKET RECEIVE]: ID = 0, RESULT = 34317 vs EXPECT =      34317 --> PASS
At 1556000 - [PACKET SEND]: OP: >> 1 	ID = 0 	DATA =   29032501 	EXP =   14516250

At 1566000 - [PACKET RECEIVE]: ID = 0, RESULT = 602676564 vs EXPECT =  602676564 --> PASS
At 1566000 - [PACKET SEND]: OP: XXX 	ID = 4 	DATA = 1304445482 	EXP = 1304445482

At 1576000 - [PACKET RECEIVE]: ID = 0, RESULT = 1304445482 vs EXPECT = 1304445482 --> PASS
At 1576000 - [PACKET SEND]: OP: + 	ID = 4 	DATA_A =  7134 	DATA_B =  6305 	EXP = 13439

At 1586000 - [PACKET RECEIVE]: ID = 1, RESULT = 5081 vs EXPECT =       5081 --> PASS
At 1586000 - [PACKET SEND]: OP: - 	ID = 1 	DATA_A = 15758 	DATA_B =   689 	EXP = 15069

At 1596000 - [PACKET RECEIVE]: ID = 0, RESULT = 16548087 vs EXPECT =   16548087 --> PASS
At 1596000 - [PACKET SEND]: OP: + 	ID = 2 	DATA_A = 19387 	DATA_B =  6315 	EXP = 25702

At 1606000 - [PACKET RECEIVE]: ID = 0, RESULT = 14516250 vs EXPECT =   14516250 --> PASS
At 1606000 - [PACKET SEND]: OP: XXX 	ID = 0 	DATA = 1112685674 	EXP = 1112685674

At 1616000 - [PACKET RECEIVE]: ID = 0, RESULT = 1112685674 vs EXPECT = 1112685674 --> PASS
At 1616000 - [PACKET SEND]: OP: >> 1 	ID = 0 	DATA =  997003150 	EXP =  498501575

At 1626000 - [PACKET RECEIVE]: ID = 0, RESULT = 13439 vs EXPECT =      13439 --> PASS
At 1626000 - [PACKET SEND]: OP: + 	ID = 4 	DATA_A = 13178 	DATA_B =  9975 	EXP = 23153

At 1636000 - [PACKET RECEIVE]: ID = 1, RESULT = 3965 vs EXPECT =       3965 --> PASS
At 1636000 - [PACKET SEND]: OP: - 	ID = 3 	DATA_A = 19482 	DATA_B =  8043 	EXP = 11439

At 1646000 - [PACKET RECEIVE]: ID = 0, RESULT = 25702 vs EXPECT =      25702 --> PASS
At 1646000 - [PACKET SEND]: OP: XXX 	ID = 2 	DATA =  166723625 	EXP =  166723625

At 1656000 - [PACKET RECEIVE]: ID = 0, RESULT = 166723625 vs EXPECT =  166723625 --> PASS
At 1656000 - [PACKET SEND]: OP: - 	ID = 2 	DATA_A = 18531 	DATA_B =   658 	EXP = 17873

At 1666000 - [PACKET RECEIVE]: ID = 0, RESULT = 498501575 vs EXPECT =  498501575 --> PASS
At 1666000 - [PACKET SEND]: OP: - 	ID = 0 	DATA_A = 11729 	DATA_B =   837 	EXP = 10892

At 1676000 - [PACKET RECEIVE]: ID = 1, RESULT = 15069 vs EXPECT =      15069 --> PASS
At 1676000 - [PACKET SEND]: OP: - 	ID = 1 	DATA_A =  9548 	DATA_B =  6536 	EXP =  3012

Don't have any packet to be sent back
At 1686000 - [PACKET SEND]: OP: + 	ID = 5 	DATA_A = 17716 	DATA_B = 12678 	EXP = 30394

At 1696000 - [PACKET RECEIVE]: ID = 0, RESULT = 23153 vs EXPECT =      23153 --> PASS
At 1696000 - [PACKET SEND]: OP: >> 1 	ID = 4 	DATA =  994259152 	EXP =  497129576

At 1706000 - [PACKET RECEIVE]: ID = 1, RESULT = 11439 vs EXPECT =      11439 --> PASS
At 1706000 - [PACKET SEND]: OP: + 	ID = 3 	DATA_A = 19247 	DATA_B = 12061 	EXP = 31308

Don't have any packet to be sent back
At 1716000 - [PACKET SEND]: OP: XXX 	ID = 6 	DATA =  292425385 	EXP =  292425385

At 1726000 - [PACKET RECEIVE]: ID = 0, RESULT = 292425385 vs EXPECT =  292425385 --> PASS
Not ready to send packet

At 1736000 - [PACKET RECEIVE]: ID = 0, RESULT = 10892 vs EXPECT =      10892 --> PASS
Not ready to send packet

At 1746000 - [PACKET RECEIVE]: ID = 1, RESULT = 3012 vs EXPECT =       3012 --> PASS
At 1746000 - [PACKET SEND]: OP: + 	ID = 0 	DATA_A =  8438 	DATA_B =  2751 	EXP = 11189

At 1756000 - [PACKET RECEIVE]: ID = 1, RESULT = 30394 vs EXPECT =      30394 --> PASS
Not ready to send packet

At 1766000 - [PACKET RECEIVE]: ID = 0, RESULT = 497129576 vs EXPECT =  497129576 --> PASS
At 1766000 - [PACKET SEND]: OP: XXX 	ID = 1 	DATA =  974270003 	EXP =  974270003

At 1776000 - [PACKET RECEIVE]: ID = 1, RESULT = 974270003 vs EXPECT =  974270003 --> PASS
At 1776000 - [PACKET SEND]: OP: + 	ID = 1 	DATA_A = 14912 	DATA_B =  9767 	EXP = 24679

At 1786000 - [PACKET RECEIVE]: ID = 0, RESULT = 17873 vs EXPECT =      17873 --> PASS
At 1786000 - [PACKET SEND]: OP: XXX 	ID = 2 	DATA =   62849744 	EXP =   62849744

At 1796000 - [PACKET RECEIVE]: ID = 0, RESULT = 62849744 vs EXPECT =   62849744 --> PASS
At 1796000 - [PACKET SEND]: OP: >> 1 	ID = 2 	DATA =  884419279 	EXP =  442209639

Don't have any packet to be sent back
At 1806000 - [PACKET SEND]: OP: >> 1 	ID = 4 	DATA =  618144354 	EXP =  309072177

At 1816000 - [PACKET RECEIVE]: ID = 0, RESULT = 11189 vs EXPECT =      11189 --> PASS
At 1816000 - [PACKET SEND]: OP: >> 1 	ID = 0 	DATA = 1180124626 	EXP =  590062313

At 1826000 - [PACKET RECEIVE]: ID = 1, RESULT = 24679 vs EXPECT =      24679 --> PASS
At 1826000 - [PACKET SEND]: OP: + 	ID = 1 	DATA_A = 17664 	DATA_B = 13505 	EXP = 31169

At 1836000 - [PACKET RECEIVE]: ID = 1, RESULT = 31308 vs EXPECT =      31308 --> PASS
At 1836000 - [PACKET SEND]: OP: + 	ID = 3 	DATA_A = 15850 	DATA_B =  3186 	EXP = 19036

At 1846000 - [PACKET RECEIVE]: ID = 0, RESULT = 442209639 vs EXPECT =  442209639 --> PASS
At 1846000 - [PACKET SEND]: OP: >> 1 	ID = 2 	DATA =  594157838 	EXP =  297078919

At 1856000 - [PACKET RECEIVE]: ID = 0, RESULT = 309072177 vs EXPECT =  309072177 --> PASS
At 1856000 - [PACKET SEND]: OP: XXX 	ID = 4 	DATA = 1303787852 	EXP = 1303787852

At 1866000 - [PACKET RECEIVE]: ID = 0, RESULT = 1303787852 vs EXPECT = 1303787852 --> PASS
At 1866000 - [PACKET SEND]: OP: XXX 	ID = 4 	DATA =  451481756 	EXP =  451481756

At 1876000 - [PACKET RECEIVE]: ID = 0, RESULT = 451481756 vs EXPECT =  451481756 --> PASS
At 1876000 - [PACKET SEND]: OP: + 	ID = 4 	DATA_A = 10112 	DATA_B =  7480 	EXP = 17592

At 1886000 - [PACKET RECEIVE]: ID = 0, RESULT = 590062313 vs EXPECT =  590062313 --> PASS
Not ready to send packet

At 1896000 - [PACKET RECEIVE]: ID = 0, RESULT = 297078919 vs EXPECT =  297078919 --> PASS
At 1896000 - [PACKET SEND]: OP: - 	ID = 0 	DATA_A =  9509 	DATA_B =  1920 	EXP =  7589

At 1906000 - [PACKET RECEIVE]: ID = 1, RESULT = 19036 vs EXPECT =      19036 --> PASS
At 1906000 - [PACKET SEND]: OP: + 	ID = 2 	DATA_A = 19477 	DATA_B = 19194 	EXP = 38671

At 1916000 - [PACKET RECEIVE]: ID = 1, RESULT = 31169 vs EXPECT =      31169 --> PASS
At 1916000 - [PACKET SEND]: OP: + 	ID = 1 	DATA_A = 15844 	DATA_B =  7777 	EXP = 23621

At 1926000 - [PACKET RECEIVE]: ID = 0, RESULT = 17592 vs EXPECT =      17592 --> PASS
At 1926000 - [PACKET SEND]: OP: >> 1 	ID = 3 	DATA =  588382551 	EXP =  294191275

Don't have any packet to be sent back
At 1936000 - [PACKET SEND]: OP: + 	ID = 4 	DATA_A = 11092 	DATA_B = 10189 	EXP = 21281

Don't have any packet to be sent back
At 1946000 - [PACKET SEND]: OP: - 	ID = 5 	DATA_A =  5364 	DATA_B =   917 	EXP =  4447

At 1956000 - [PACKET RECEIVE]: ID = 0, RESULT = 38671 vs EXPECT =      38671 --> PASS
Not ready to send packet

At 1966000 - [PACKET RECEIVE]: ID = 0, RESULT = 7589 vs EXPECT =       7589 --> PASS
At 1966000 - [PACKET SEND]: OP: + 	ID = 0 	DATA_A = 16114 	DATA_B = 13268 	EXP = 29382

At 1976000 - [PACKET RECEIVE]: ID = 1, RESULT = 294191275 vs EXPECT =  294191275 --> PASS
At 1976000 - [PACKET SEND]: OP: + 	ID = 2 	DATA_A = 16012 	DATA_B =  7534 	EXP = 23546

At 1986000 - [PACKET RECEIVE]: ID = 1, RESULT = 23621 vs EXPECT =      23621 --> PASS
At 1986000 - [PACKET SEND]: OP: XXX 	ID = 1 	DATA =  922685915 	EXP =  922685915

At 1996000 - [PACKET RECEIVE]: ID = 1, RESULT = 922685915 vs EXPECT =  922685915 --> PASS
At 1996000 - [PACKET SEND]: OP: >> 1 	ID = 1 	DATA =  445978750 	EXP =  222989375

At 2006000 - [PACKET RECEIVE]: ID = 0, RESULT = 21281 vs EXPECT =      21281 --> PASS
Not ready to send packet

At 2016000 - [PACKET RECEIVE]: ID = 1, RESULT = 4447 vs EXPECT =       4447 --> PASS
At 2016000 - [PACKET SEND]: OP: - 	ID = 3 	DATA_A = 14897 	DATA_B = 10913 	EXP =  3984

At 2026000 - [PACKET RECEIVE]: ID = 0, RESULT = 23546 vs EXPECT =      23546 --> PASS
At 2026000 - [PACKET SEND]: OP: XXX 	ID = 2 	DATA = 1300048558 	EXP = 1300048558

At 2036000 - [PACKET RECEIVE]: ID = 0, RESULT = 1300048558 vs EXPECT = 1300048558 --> PASS
At 2036000 - [PACKET SEND]: OP: XXX 	ID = 2 	DATA = 1268788289 	EXP = 1268788289

At 2046000 - [PACKET RECEIVE]: ID = 0, RESULT = 1268788289 vs EXPECT = 1268788289 --> PASS
At 2046000 - [PACKET SEND]: OP: XXX 	ID = 2 	DATA =  411765968 	EXP =  411765968

At 2056000 - [PACKET RECEIVE]: ID = 0, RESULT = 411765968 vs EXPECT =  411765968 --> PASS
At 2056000 - [PACKET SEND]: OP: >> 1 	ID = 2 	DATA =  202050548 	EXP =  101025274

At 2066000 - [PACKET RECEIVE]: ID = 1, RESULT = 222989375 vs EXPECT =  222989375 --> PASS
At 2066000 - [PACKET SEND]: OP: + 	ID = 1 	DATA_A = 17872 	DATA_B =  8901 	EXP = 26773

At 2076000 - [PACKET RECEIVE]: ID = 0, RESULT = 29382 vs EXPECT =      29382 --> PASS
At 2076000 - [PACKET SEND]: OP: - 	ID = 0 	DATA_A = 19914 	DATA_B =  9595 	EXP = 10319

At 2086000 - [PACKET RECEIVE]: ID = 1, RESULT = 3984 vs EXPECT =       3984 --> PASS
At 2086000 - [PACKET SEND]: OP: XXX 	ID = 3 	DATA = 1224748349 	EXP = 1224748349

At 2096000 - [PACKET RECEIVE]: ID = 1, RESULT = 1224748349 vs EXPECT = 1224748349 --> PASS
At 2096000 - [PACKET SEND]: OP: + 	ID = 3 	DATA_A =  4636 	DATA_B =  1777 	EXP =  6413

At 2106000 - [PACKET RECEIVE]: ID = 0, RESULT = 101025274 vs EXPECT =  101025274 --> PASS
At 2106000 - [PACKET SEND]: OP: >> 1 	ID = 2 	DATA =  474416343 	EXP =  237208171

At 2116000 - [PACKET RECEIVE]: ID = 1, RESULT = 26773 vs EXPECT =      26773 --> PASS
At 2116000 - [PACKET SEND]: OP: >> 1 	ID = 1 	DATA =  962334687 	EXP =  481167343

Don't have any packet to be sent back
At 2126000 - [PACKET SEND]: OP: >> 1 	ID = 4 	DATA = 1247233144 	EXP =  623616572

Don't have any packet to be sent back
Not ready to send packet

At 2146000 - [PACKET RECEIVE]: ID = 0, RESULT = 10319 vs EXPECT =      10319 --> PASS
At 2146000 - [PACKET SEND]: OP: >> 1 	ID = 0 	DATA = 1283013111 	EXP =  641506555

At 2156000 - [PACKET RECEIVE]: ID = 0, RESULT = 237208171 vs EXPECT =  237208171 --> PASS
Not ready to send packet

At 2166000 - [PACKET RECEIVE]: ID = 1, RESULT = 481167343 vs EXPECT =  481167343 --> PASS
At 2166000 - [PACKET SEND]: OP: - 	ID = 1 	DATA_A = 14527 	DATA_B = 12198 	EXP =  2329

At 2176000 - [PACKET RECEIVE]: ID = 0, RESULT = 623616572 vs EXPECT =  623616572 --> PASS
At 2176000 - [PACKET SEND]: OP: XXX 	ID = 2 	DATA = 1116093108 	EXP = 1116093108

At 2186000 - [PACKET RECEIVE]: ID = 0, RESULT = 1116093108 vs EXPECT = 1116093108 --> PASS
At 2186000 - [PACKET SEND]: OP: - 	ID = 2 	DATA_A = 12822 	DATA_B =  9983 	EXP =  2839

At 2196000 - [PACKET RECEIVE]: ID = 0, RESULT = 641506555 vs EXPECT =  641506555 --> PASS
At 2196000 - [PACKET SEND]: OP: >> 1 	ID = 0 	DATA = 1121191275 	EXP =  560595637

At 2206000 - [PACKET RECEIVE]: ID = 1, RESULT = 6413 vs EXPECT =       6413 --> PASS
At 2206000 - [PACKET SEND]: OP: + 	ID = 3 	DATA_A =  3900 	DATA_B =  1925 	EXP =  5825

Don't have any packet to be sent back
At 2216000 - [PACKET SEND]: OP: >> 1 	ID = 4 	DATA = 1074345650 	EXP =  537172825

Don't have any packet to be sent back
At 2226000 - [PACKET SEND]: OP: >> 1 	ID = 5 	DATA = 1140210387 	EXP =  570105193

At 2236000 - [PACKET RECEIVE]: ID = 1, RESULT = 2329 vs EXPECT =       2329 --> PASS
At 2236000 - [PACKET SEND]: OP: >> 1 	ID = 1 	DATA = 1183333373 	EXP =  591666686

At 2246000 - [PACKET RECEIVE]: ID = 0, RESULT = 560595637 vs EXPECT =  560595637 --> PASS
Not ready to send packet

At 2256000 - [PACKET RECEIVE]: ID = 0, RESULT = 2839 vs EXPECT =       2839 --> PASS
At 2256000 - [PACKET SEND]: OP: >> 1 	ID = 0 	DATA =  560011837 	EXP =  280005918

At 2266000 - [PACKET RECEIVE]: ID = 0, RESULT = 537172825 vs EXPECT =  537172825 --> PASS
Not ready to send packet

At 2276000 - [PACKET RECEIVE]: ID = 1, RESULT = 570105193 vs EXPECT =  570105193 --> PASS
At 2276000 - [PACKET SEND]: OP: + 	ID = 2 	DATA_A =  1829 	DATA_B =   106 	EXP =  1935

At 2286000 - [PACKET RECEIVE]: ID = 1, RESULT = 591666686 vs EXPECT =  591666686 --> PASS
At 2286000 - [PACKET SEND]: OP: XXX 	ID = 1 	DATA =   72155660 	EXP =   72155660

At 2296000 - [PACKET RECEIVE]: ID = 1, RESULT = 72155660 vs EXPECT =   72155660 --> PASS
At 2296000 - [PACKET SEND]: OP: >> 1 	ID = 1 	DATA = 1237657597 	EXP =  618828798

At 2306000 - [PACKET RECEIVE]: ID = 0, RESULT = 280005918 vs EXPECT =  280005918 --> PASS
At 2306000 - [PACKET SEND]: OP: - 	ID = 0 	DATA_A = 19667 	DATA_B = 19450 	EXP =   217

At 2316000 - [PACKET RECEIVE]: ID = 1, RESULT = 5825 vs EXPECT =       5825 --> PASS
At 2316000 - [PACKET SEND]: OP: - 	ID = 3 	DATA_A = 10659 	DATA_B =  4656 	EXP =  6003

At 2326000 - [PACKET RECEIVE]: ID = 0, RESULT = 1935 vs EXPECT =       1935 --> PASS
At 2326000 - [PACKET SEND]: OP: - 	ID = 2 	DATA_A = 16863 	DATA_B = 16361 	EXP =   502

Don't have any packet to be sent back
At 2336000 - [PACKET SEND]: OP: XXX 	ID = 4 	DATA =  346952833 	EXP =  346952833

At 2346000 - [PACKET RECEIVE]: ID = 0, RESULT = 346952833 vs EXPECT =  346952833 --> PASS
At 2346000 - [PACKET SEND]: OP: - 	ID = 4 	DATA_A =  7678 	DATA_B =  1477 	EXP =  6201

Don't have any packet to be sent back
At 2356000 - [PACKET SEND]: OP: >> 1 	ID = 5 	DATA = 1115499172 	EXP =  557749586

At 2366000 - [PACKET RECEIVE]: ID = 1, RESULT = 618828798 vs EXPECT =  618828798 --> PASS
At 2366000 - [PACKET SEND]: OP: - 	ID = 1 	DATA_A = 19239 	DATA_B = 13750 	EXP =  5489

At 2376000 - [PACKET RECEIVE]: ID = 0, RESULT = 217 vs EXPECT =        217 --> PASS
At 2376000 - [PACKET SEND]: OP: XXX 	ID = 0 	DATA = 1268269521 	EXP = 1268269521

At 2386000 - [PACKET RECEIVE]: ID = 0, RESULT = 1268269521 vs EXPECT = 1268269521 --> PASS
At 2386000 - [PACKET SEND]: OP: >> 1 	ID = 0 	DATA =  680796372 	EXP =  340398186

At 2396000 - [PACKET RECEIVE]: ID = 0, RESULT = 502 vs EXPECT =        502 --> PASS
Not ready to send packet

At 2406000 - [PACKET RECEIVE]: ID = 1, RESULT = 557749586 vs EXPECT =  557749586 --> PASS
At 2406000 - [PACKET SEND]: OP: - 	ID = 2 	DATA_A = 11682 	DATA_B =  2357 	EXP =  9325

At 2416000 - [PACKET RECEIVE]: ID = 0, RESULT = 6201 vs EXPECT =       6201 --> PASS
At 2416000 - [PACKET SEND]: OP: - 	ID = 4 	DATA_A =  9539 	DATA_B =  2384 	EXP =  7155

At 2426000 - [PACKET RECEIVE]: ID = 1, RESULT = 6003 vs EXPECT =       6003 --> PASS
At 2426000 - [PACKET SEND]: OP: XXX 	ID = 3 	DATA = 1207581771 	EXP = 1207581771

At 2436000 - [PACKET RECEIVE]: ID = 1, RESULT = 1207581771 vs EXPECT = 1207581771 --> PASS
At 2436000 - [PACKET SEND]: OP: >> 1 	ID = 3 	DATA = 1107039756 	EXP =  553519878

Don't have any packet to be sent back
Not ready to send packet

At 2456000 - [PACKET RECEIVE]: ID = 0, RESULT = 340398186 vs EXPECT =  340398186 --> PASS
At 2456000 - [PACKET SEND]: OP: XXX 	ID = 0 	DATA = 1101019572 	EXP = 1101019572

At 2466000 - [PACKET RECEIVE]: ID = 0, RESULT = 1101019572 vs EXPECT = 1101019572 --> PASS
Not ready to send packet

At 2476000 - [PACKET RECEIVE]: ID = 0, RESULT = 9325 vs EXPECT =       9325 --> PASS
At 2476000 - [PACKET SEND]: OP: + 	ID = 0 	DATA_A = 17270 	DATA_B = 15811 	EXP = 33081

At 2486000 - [PACKET RECEIVE]: ID = 0, RESULT = 7155 vs EXPECT =       7155 --> PASS
At 2486000 - [PACKET SEND]: OP: - 	ID = 2 	DATA_A = 11486 	DATA_B =  2128 	EXP =  9358

At 2496000 - [PACKET RECEIVE]: ID = 1, RESULT = 5489 vs EXPECT =       5489 --> PASS
At 2496000 - [PACKET SEND]: OP: >> 1 	ID = 1 	DATA =  598480648 	EXP =  299240324

At 2506000 - [PACKET RECEIVE]: ID = 1, RESULT = 553519878 vs EXPECT =  553519878 --> PASS
At 2506000 - [PACKET SEND]: OP: + 	ID = 3 	DATA_A = 15966 	DATA_B =  7246 	EXP = 23212

Don't have any packet to be sent back
At 2516000 - [PACKET SEND]: OP: >> 1 	ID = 4 	DATA =  821960860 	EXP =  410980430

At 2526000 - [PACKET RECEIVE]: ID = 0, RESULT = 33081 vs EXPECT =      33081 --> PASS
At 2526000 - [PACKET SEND]: OP: >> 1 	ID = 0 	DATA = 1258244832 	EXP =  629122416

Don't have any packet to be sent back
At 2536000 - [PACKET SEND]: OP: + 	ID = 5 	DATA_A = 16846 	DATA_B =  4888 	EXP = 21734

At 2546000 - [PACKET RECEIVE]: ID = 1, RESULT = 299240324 vs EXPECT =  299240324 --> PASS
Not ready to send packet

At 2556000 - [PACKET RECEIVE]: ID = 0, RESULT = 9358 vs EXPECT =       9358 --> PASS
At 2556000 - [PACKET SEND]: OP: + 	ID = 1 	DATA_A =  1835 	DATA_B =   513 	EXP =  2348

At 2566000 - [PACKET RECEIVE]: ID = 0, RESULT = 410980430 vs EXPECT =  410980430 --> PASS
Not ready to send packet

At 2576000 - [PACKET RECEIVE]: ID = 0, RESULT = 629122416 vs EXPECT =  629122416 --> PASS
At 2576000 - [PACKET SEND]: OP: XXX 	ID = 0 	DATA =  818284822 	EXP =  818284822

At 2586000 - [PACKET RECEIVE]: ID = 0, RESULT = 818284822 vs EXPECT =  818284822 --> PASS
At 2586000 - [PACKET SEND]: OP: XXX 	ID = 0 	DATA =  439488746 	EXP =  439488746

At 2596000 - [PACKET RECEIVE]: ID = 0, RESULT = 439488746 vs EXPECT =  439488746 --> PASS
At 2596000 - [PACKET SEND]: OP: XXX 	ID = 0 	DATA = 1215186774 	EXP = 1215186774

At 2606000 - [PACKET RECEIVE]: ID = 0, RESULT = 1215186774 vs EXPECT = 1215186774 --> PASS
At 2606000 - [PACKET SEND]: OP: - 	ID = 0 	DATA_A = 18599 	DATA_B =  9053 	EXP =  9546

At 2616000 - [PACKET RECEIVE]: ID = 1, RESULT = 23212 vs EXPECT =      23212 --> PASS
At 2616000 - [PACKET SEND]: OP: + 	ID = 2 	DATA_A =  1562 	DATA_B =  1146 	EXP =  2708

At 2626000 - [PACKET RECEIVE]: ID = 1, RESULT = 2348 vs EXPECT =       2348 --> PASS
At 2626000 - [PACKET SEND]: OP: XXX 	ID = 1 	DATA =  146081933 	EXP =  146081933

At 2636000 - [PACKET RECEIVE]: ID = 1, RESULT = 146081933 vs EXPECT =  146081933 --> PASS
At 2636000 - [PACKET SEND]: OP: + 	ID = 1 	DATA_A = 19883 	DATA_B = 19740 	EXP = 39623

At 2646000 - [PACKET RECEIVE]: ID = 1, RESULT = 21734 vs EXPECT =      21734 --> PASS
At 2646000 - [PACKET SEND]: OP: >> 1 	ID = 3 	DATA =  604315928 	EXP =  302157964

Don't have any packet to be sent back
At 2656000 - [PACKET SEND]: OP: - 	ID = 4 	DATA_A = 11789 	DATA_B =  9880 	EXP =  1909

At 2666000 - [PACKET RECEIVE]: ID = 0, RESULT = 2708 vs EXPECT =       2708 --> PASS
At 2666000 - [PACKET SEND]: OP: XXX 	ID = 2 	DATA =  246681116 	EXP =  246681116

At 2676000 - [PACKET RECEIVE]: ID = 0, RESULT = 246681116 vs EXPECT =  246681116 --> PASS
At 2676000 - [PACKET SEND]: OP: - 	ID = 2 	DATA_A =  6617 	DATA_B =  4396 	EXP =  2221

At 2686000 - [PACKET RECEIVE]: ID = 1, RESULT = 39623 vs EXPECT =      39623 --> PASS
Not ready to send packet

At 2696000 - [PACKET RECEIVE]: ID = 1, RESULT = 302157964 vs EXPECT =  302157964 --> PASS
At 2696000 - [PACKET SEND]: OP: >> 1 	ID = 1 	DATA = 1179911768 	EXP =  589955884

Don't have any packet to be sent back
At 2706000 - [PACKET SEND]: OP: >> 1 	ID = 3 	DATA = 1205548878 	EXP =  602774439

At 2716000 - [PACKET RECEIVE]: ID = 0, RESULT = 9546 vs EXPECT =       9546 --> PASS
At 2716000 - [PACKET SEND]: OP: + 	ID = 0 	DATA_A = 13171 	DATA_B =   318 	EXP = 13489

At 2726000 - [PACKET RECEIVE]: ID = 0, RESULT = 1909 vs EXPECT =       1909 --> PASS
At 2726000 - [PACKET SEND]: OP: - 	ID = 4 	DATA_A =  8109 	DATA_B =  3179 	EXP =  4930

Don't have any packet to be sent back
At 2736000 - [PACKET SEND]: OP: - 	ID = 5 	DATA_A =  3311 	DATA_B =  1706 	EXP =  1605

At 2746000 - [PACKET RECEIVE]: ID = 0, RESULT = 2221 vs EXPECT =       2221 --> PASS
At 2746000 - [PACKET SEND]: OP: - 	ID = 2 	DATA_A =  8981 	DATA_B =  3934 	EXP =  5047

At 2756000 - [PACKET RECEIVE]: ID = 1, RESULT = 602774439 vs EXPECT =  602774439 --> PASS
Not ready to send packet

At 2766000 - [PACKET RECEIVE]: ID = 1, RESULT = 589955884 vs EXPECT =  589955884 --> PASS
At 2766000 - [PACKET SEND]: OP: >> 1 	ID = 1 	DATA =  542049113 	EXP =  271024556

Don't have any packet to be sent back
At 2776000 - [PACKET SEND]: OP: - 	ID = 3 	DATA_A = 18355 	DATA_B = 16288 	EXP =  2067

At 2786000 - [PACKET RECEIVE]: ID = 0, RESULT = 13489 vs EXPECT =      13489 --> PASS
At 2786000 - [PACKET SEND]: OP: >> 1 	ID = 0 	DATA =   61014205 	EXP =   30507102

At 2796000 - [PACKET RECEIVE]: ID = 0, RESULT = 4930 vs EXPECT =       4930 --> PASS
At 2796000 - [PACKET SEND]: OP: >> 1 	ID = 4 	DATA = 1289898007 	EXP =  644949003

At 2806000 - [PACKET RECEIVE]: ID = 1, RESULT = 1605 vs EXPECT =       1605 --> PASS
At 2806000 - [PACKET SEND]: OP: XXX 	ID = 5 	DATA = 1151471237 	EXP = 1151471237

At 2816000 - [PACKET RECEIVE]: ID = 1, RESULT = 1151471237 vs EXPECT = 1151471237 --> PASS
At 2816000 - [PACKET SEND]: OP: >> 1 	ID = 5 	DATA = 1160653220 	EXP =  580326610

At 2826000 - [PACKET RECEIVE]: ID = 1, RESULT = 271024556 vs EXPECT =  271024556 --> PASS
At 2826000 - [PACKET SEND]: OP: - 	ID = 1 	DATA_A = 17401 	DATA_B = 13531 	EXP =  3870

At 2836000 - [PACKET RECEIVE]: ID = 0, RESULT = 5047 vs EXPECT =       5047 --> PASS
At 2836000 - [PACKET SEND]: OP: + 	ID = 2 	DATA_A = 18374 	DATA_B = 12031 	EXP = 30405

At 2846000 - [PACKET RECEIVE]: ID = 1, RESULT = 2067 vs EXPECT =       2067 --> PASS
At 2846000 - [PACKET SEND]: OP: + 	ID = 3 	DATA_A =  4338 	DATA_B =   961 	EXP =  5299

At 2856000 - [PACKET RECEIVE]: ID = 0, RESULT = 30507102 vs EXPECT =   30507102 --> PASS
At 2856000 - [PACKET SEND]: OP: + 	ID = 0 	DATA_A =  7658 	DATA_B =  1038 	EXP =  8696

At 2866000 - [PACKET RECEIVE]: ID = 0, RESULT = 30507102 vs EXPECT =       8696 --> FAIL
At 2866000 - [PACKET SEND]: OP: >> 1 	ID = 0 	DATA = 1057110554 	EXP =  528555277

Don't have any packet to be sent back
Not ready to send packet

At 2886000 - [PACKET RECEIVE]: ID = 1, RESULT = 580326610 vs EXPECT =  580326610 --> PASS
Not ready to send packet

At 2896000 - [PACKET RECEIVE]: ID = 1, RESULT = 3870 vs EXPECT =       3870 --> PASS
At 2896000 - [PACKET SEND]: OP: + 	ID = 1 	DATA_A = 12933 	DATA_B = 12252 	EXP = 25185

At 2906000 - [PACKET RECEIVE]: ID = 0, RESULT = 30405 vs EXPECT =      30405 --> PASS
Not ready to send packet

At 2916000 - [PACKET RECEIVE]: ID = 0, RESULT = 528555277 vs EXPECT =  528555277 --> PASS
At 2916000 - [PACKET SEND]: OP: XXX 	ID = 0 	DATA =  839787686 	EXP =  839787686

At 2926000 - [PACKET RECEIVE]: ID = 0, RESULT = 839787686 vs EXPECT =  839787686 --> PASS
At 2926000 - [PACKET SEND]: OP: + 	ID = 0 	DATA_A = 12664 	DATA_B =  4786 	EXP = 17450

At 2936000 - [PACKET RECEIVE]: ID = 1, RESULT = 5299 vs EXPECT =       5299 --> PASS
At 2936000 - [PACKET SEND]: OP: + 	ID = 2 	DATA_A =  4978 	DATA_B =  4870 	EXP =  9848

At 2946000 - [PACKET RECEIVE]: ID = 0, RESULT = 8696 vs EXPECT =      17450 --> FAIL
At 2946000 - [PACKET SEND]: OP: - 	ID = 0 	DATA_A = 13617 	DATA_B =  4601 	EXP =  9016

Don't have any packet to be sent back
At 2956000 - [PACKET SEND]: OP: XXX 	ID = 3 	DATA = 1230321912 	EXP = 1230321912

At 2966000 - [PACKET RECEIVE]: ID = 1, RESULT = 1230321912 vs EXPECT = 1230321912 --> PASS
At 2966000 - [PACKET SEND]: OP: >> 1 	ID = 3 	DATA = 1275266458 	EXP =  637633229

At 2976000 - [PACKET RECEIVE]: ID = 0, RESULT = 17450 vs EXPECT =       9016 --> FAIL
At 2976000 - [PACKET SEND]: OP: XXX 	ID = 0 	DATA =  125239711 	EXP =  125239711

At 2986000 - [PACKET RECEIVE]: ID = 0, RESULT = 125239711 vs EXPECT =  125239711 --> PASS
At 2986000 - [PACKET SEND]: OP: + 	ID = 0 	DATA_A = 16695 	DATA_B =  2616 	EXP = 19311

Don't have any packet to be sent back
At 2996000 - [PACKET SEND]: OP: + 	ID = 5 	DATA_A = 13635 	DATA_B =  3543 	EXP = 17178

At 3006000 - [PACKET RECEIVE]: ID = 0, RESULT = 9848 vs EXPECT =       9848 --> PASS
Not ready to send packet

At 3016000 - [PACKET RECEIVE]: ID = 0, RESULT = 9016 vs EXPECT =      19311 --> FAIL
Not ready to send packet

At 3026000 - [PACKET RECEIVE]: ID = 1, RESULT = 25185 vs EXPECT =      25185 --> PASS
Not ready to send packet

At 3036000 - [PACKET RECEIVE]: ID = 1, RESULT = 637633229 vs EXPECT =  637633229 --> PASS
Not ready to send packet

At 3046000 - [PACKET RECEIVE]: ID = 1, RESULT = 17178 vs EXPECT =      17178 --> PASS
Not ready to send packet

This received-packet may be written before
Not ready to send packet

This received-packet may be written before
Not ready to send packet

This received-packet may be written before
Not ready to send packet

This received-packet may be written before
Not ready to send packet

This received-packet may be written before
Not ready to send packet

This received-packet may be written before
Not ready to send packet

This received-packet may be written before
Not ready to send packet

This received-packet may be written before
Not ready to send packet

This received-packet may be written before
Not ready to send packet

This received-packet may be written before
Not ready to send packet

This received-packet may be written before
Not ready to send packet

This received-packet may be written before
Not ready to send packet

This received-packet may be written before
Not ready to send packet

This received-packet may be written before
Not ready to send packet

This received-packet may be written before
Not ready to send packet

This received-packet may be written before
Not ready to send packet

This received-packet may be written before
Not ready to send packet

This received-packet may be written before
Not ready to send packet

This received-packet may be written before
Not ready to send packet

This received-packet may be written before
Not ready to send packet

This received-packet may be written before
Not ready to send packet

This received-packet may be written before
Not ready to send packet

This received-packet may be written before
Not ready to send packet

This received-packet may be written before
Not ready to send packet

This received-packet may be written before
Not ready to send packet

This received-packet may be written before
Not ready to send packet

This received-packet may be written before
Not ready to send packet

This received-packet may be written before
Not ready to send packet

This received-packet may be written before
Not ready to send packet

This received-packet may be written before
Not ready to send packet

This received-packet may be written before
Not ready to send packet

This received-packet may be written before
Not ready to send packet

This received-packet may be written before
Not ready to send packet

This received-packet may be written before
Not ready to send packet

This received-packet may be written before
Not ready to send packet

This received-packet may be written before
Not ready to send packet

This received-packet may be written before
Not ready to send packet

This received-packet may be written before
Not ready to send packet

This received-packet may be written before
Not ready to send packet

This received-packet may be written before
Not ready to send packet

This received-packet may be written before
Not ready to send packet

This received-packet may be written before
Not ready to send packet

This received-packet may be written before
Not ready to send packet

This received-packet may be written before
Not ready to send packet

This received-packet may be written before
Not ready to send packet

This received-packet may be written before
Not ready to send packet

This received-packet may be written before
Not ready to send packet

This received-packet may be written before
Not ready to send packet

This received-packet may be written before
Not ready to send packet

This received-packet may be written before
Not ready to send packet

This received-packet may be written before
Not ready to send packet

This received-packet may be written before
Not ready to send packet

This received-packet may be written before
Not ready to send packet

This received-packet may be written before
Not ready to send packet

This received-packet may be written before
Not ready to send packet

This received-packet may be written before
Not ready to send packet

This received-packet may be written before
Not ready to send packet

This received-packet may be written before
Not ready to send packet

This received-packet may be written before
Not ready to send packet

This received-packet may be written before
Not ready to send packet

This received-packet may be written before
Not ready to send packet

This received-packet may be written before
Not ready to send packet

This received-packet may be written before
Not ready to send packet

This received-packet may be written before
Not ready to send packet

This received-packet may be written before
Not ready to send packet

This received-packet may be written before
Not ready to send packet

This received-packet may be written before
Not ready to send packet

This received-packet may be written before
Not ready to send packet

This received-packet may be written before
Not ready to send packet

This received-packet may be written before
Not ready to send packet

This received-packet may be written before
Not ready to send packet

This received-packet may be written before
Not ready to send packet

This received-packet may be written before
Not ready to send packet

This received-packet may be written before
Not ready to send packet

This received-packet may be written before
Not ready to send packet

This received-packet may be written before
Not ready to send packet

This received-packet may be written before
Not ready to send packet

This received-packet may be written before
Not ready to send packet

This received-packet may be written before
Not ready to send packet

This received-packet may be written before
Not ready to send packet

This received-packet may be written before
Not ready to send packet

This received-packet may be written before
Not ready to send packet

This received-packet may be written before
Not ready to send packet

This received-packet may be written before
Not ready to send packet

This received-packet may be written before
Not ready to send packet

This received-packet may be written before
Not ready to send packet

This received-packet may be written before
Not ready to send packet

This received-packet may be written before
Not ready to send packet

This received-packet may be written before
Not ready to send packet

This received-packet may be written before
Not ready to send packet

This received-packet may be written before
Not ready to send packet

This received-packet may be written before
Not ready to send packet

This received-packet may be written before
Not ready to send packet

This received-packet may be written before
Not ready to send packet

This received-packet may be written before
Not ready to send packet

This received-packet may be written before
Not ready to send packet

This received-packet may be written before
Not ready to send packet

This received-packet may be written before
Not ready to send packet

This received-packet may be written before
Not ready to send packet

This received-packet may be written before
Not ready to send packet

This received-packet may be written before
Not ready to send packet

This received-packet may be written before
Not ready to send packet

This received-packet may be written before
Not ready to send packet

This received-packet may be written before
Not ready to send packet

This received-packet may be written before
Not ready to send packet

This received-packet may be written before
Not ready to send packet

This received-packet may be written before
Not ready to send packet

This received-packet may be written before
Not ready to send packet

This received-packet may be written before
Not ready to send packet

This received-packet may be written before
Not ready to send packet

This received-packet may be written before
Not ready to send packet

This received-packet may be written before
Not ready to send packet

This received-packet may be written before
Not ready to send packet

This received-packet may be written before
Not ready to send packet

This received-packet may be written before
Not ready to send packet

This received-packet may be written before
Not ready to send packet

This received-packet may be written before
Not ready to send packet

This received-packet may be written before
Not ready to send packet

This received-packet may be written before
Not ready to send packet

This received-packet may be written before
Not ready to send packet

This received-packet may be written before
Not ready to send packet

This received-packet may be written before
Not ready to send packet

This received-packet may be written before
Not ready to send packet

This received-packet may be written before
Not ready to send packet

This received-packet may be written before
Not ready to send packet

This received-packet may be written before
Not ready to send packet

This received-packet may be written before
Not ready to send packet

This received-packet may be written before
Not ready to send packet

This received-packet may be written before
Not ready to send packet

This received-packet may be written before
Not ready to send packet

This received-packet may be written before
Not ready to send packet

This received-packet may be written before
Not ready to send packet

This received-packet may be written before
Not ready to send packet

This received-packet may be written before
Not ready to send packet

This received-packet may be written before
Not ready to send packet

This received-packet may be written before
Not ready to send packet

This received-packet may be written before
Not ready to send packet

This received-packet may be written before
Not ready to send packet

This received-packet may be written before
Not ready to send packet

This received-packet may be written before
Not ready to send packet

This received-packet may be written before
Not ready to send packet

This received-packet may be written before
Not ready to send packet

This received-packet may be written before
Not ready to send packet

This received-packet may be written before
Not ready to send packet

This received-packet may be written before
Not ready to send packet

This received-packet may be written before
Not ready to send packet

This received-packet may be written before
Not ready to send packet

This received-packet may be written before
Not ready to send packet

This received-packet may be written before
Not ready to send packet

This received-packet may be written before
Not ready to send packet

This received-packet may be written before
Not ready to send packet

This received-packet may be written before
Not ready to send packet

This received-packet may be written before
Not ready to send packet

This received-packet may be written before
Not ready to send packet

This received-packet may be written before
Not ready to send packet

This received-packet may be written before
Not ready to send packet

This received-packet may be written before
Not ready to send packet

This received-packet may be written before
Not ready to send packet

This received-packet may be written before
Not ready to send packet

This received-packet may be written before
Not ready to send packet

This received-packet may be written before
Not ready to send packet

This received-packet may be written before
Not ready to send packet

This received-packet may be written before
Not ready to send packet

This received-packet may be written before
Not ready to send packet

This received-packet may be written before
Not ready to send packet

This received-packet may be written before
Not ready to send packet

This received-packet may be written before
Not ready to send packet

This received-packet may be written before
Not ready to send packet

This received-packet may be written before
Not ready to send packet

This received-packet may be written before
Not ready to send packet

This received-packet may be written before
Not ready to send packet

This received-packet may be written before
Not ready to send packet

This received-packet may be written before
Not ready to send packet

This received-packet may be written before
Not ready to send packet

This received-packet may be written before
Not ready to send packet

This received-packet may be written before
Not ready to send packet

This received-packet may be written before
Not ready to send packet

This received-packet may be written before
Not ready to send packet

This received-packet may be written before
Not ready to send packet

This received-packet may be written before
Not ready to send packet

This received-packet may be written before
Not ready to send packet

This received-packet may be written before
Not ready to send packet

This received-packet may be written before
Not ready to send packet

This received-packet may be written before
Not ready to send packet

This received-packet may be written before
Not ready to send packet

This received-packet may be written before
Not ready to send packet

This received-packet may be written before
Not ready to send packet

This received-packet may be written before
Not ready to send packet

This received-packet may be written before
Not ready to send packet

This received-packet may be written before
Not ready to send packet

This received-packet may be written before
Not ready to send packet

This received-packet may be written before
Not ready to send packet

This received-packet may be written before
Not ready to send packet

This received-packet may be written before
Not ready to send packet

This received-packet may be written before
Not ready to send packet
